C:\Program Files (x86)\Microsoft Visual Studio\2017\Enterprise\Common7\IDE\VC\VCTargets\Microsoft.CppBuild.targets(944,5): warning MSB8027: Two or more files with the name of Main.cpp will produce outputs to the same location. This can lead to an incorrect build result.  The files involved are ..\C22_Physics\Main.cpp, Main.cpp.
  AppClass.cpp
d:\profiles\pxk8689\source\repos\angrybirdopengl\c22_physics\definitions.h(10): fatal error C1083: Cannot open include file: 'Simplex\Simplex.h': No such file or directory
  AppClassControls.cpp
d:\profiles\pxk8689\source\repos\angrybirdopengl\c22_physics\definitions.h(10): fatal error C1083: Cannot open include file: 'Simplex\Simplex.h': No such file or directory
  AppClassGUI.cpp
d:\profiles\pxk8689\source\repos\angrybirdopengl\c22_physics\definitions.h(10): fatal error C1083: Cannot open include file: 'Simplex\Simplex.h': No such file or directory
  AppClassMain.cpp
d:\profiles\pxk8689\source\repos\angrybirdopengl\c22_physics\definitions.h(10): fatal error C1083: Cannot open include file: 'Simplex\Simplex.h': No such file or directory
  ControllerConfiguration.cpp
d:\profiles\pxk8689\source\repos\angrybirdopengl\c22_physics\controllerconfiguration.h(8): fatal error C1083: Cannot open include file: 'SFML\Window.hpp': No such file or directory
  Main.cpp
d:\profiles\pxk8689\source\repos\angrybirdopengl\c22_physics\definitions.h(10): fatal error C1083: Cannot open include file: 'Simplex\Simplex.h': No such file or directory
  MyEntity.cpp
d:\profiles\pxk8689\source\repos\angrybirdopengl\c22_physics\myrigidbody.h(8): fatal error C1083: Cannot open include file: 'Simplex\Mesh\Model.h': No such file or directory
  MyEntityManager.cpp
d:\profiles\pxk8689\source\repos\angrybirdopengl\c22_physics\myrigidbody.h(8): fatal error C1083: Cannot open include file: 'Simplex\Mesh\Model.h': No such file or directory
  MyRigidBody.cpp
d:\profiles\pxk8689\source\repos\angrybirdopengl\c22_physics\myrigidbody.h(8): fatal error C1083: Cannot open include file: 'Simplex\Mesh\Model.h': No such file or directory
  MySolver.cpp
d:\profiles\pxk8689\source\repos\angrybirdopengl\c22_physics\myrigidbody.h(8): fatal error C1083: Cannot open include file: 'Simplex\Mesh\Model.h': No such file or directory
  Main.cpp
c1xx : fatal error C1083: Cannot open source file: 'Main.cpp': No such file or directory
  Generating Code...
